Not Found: /static/wagtailadmin/js/vendor/modernizr-2.6.2.min.76e933e876d5.js
"GET /static/wagtailadmin/js/vendor/modernizr-2.6.2.min.76e933e876d5.js HTTP/1.1" 404 3676
Not Found: /static/wagtailadmin/css/normalize.aa75c284e281.css
"GET /static/wagtailadmin/css/normalize.aa75c284e281.css HTTP/1.1" 404 3676
Not Found: /static/wagtailadmin/css/vendor/jquery-ui/jquery-ui-1.10.3.verdant.767104e7b415.css
"GET /static/wagtailadmin/css/vendor/jquery-ui/jquery-ui-1.10.3.verdant.767104e7b415.css HTTP/1.1" 404 3676
Not Found: /static/wagtailadmin/css/vendor/jquery.tagit.1060b2909c82.css
Not Found: /static/wagtailadmin/css/core.a28f9631bc68.css
"GET /static/wagtailadmin/css/vendor/jquery.tagit.1060b2909c82.css HTTP/1.1" 404 3676
Not Found: /static/wagtailadmin/js/vendor/jquery-3.2.1.min.c9f5aeeca3ad.js
"GET /static/wagtailadmin/js/vendor/jquery-3.2.1.min.c9f5aeeca3ad.js HTTP/1.1" 404 3676
Not Found: /static/wagtailadmin/js/vendor/jquery-ui-1.12.1.min.c15b1008dec3.js
"GET /static/wagtailadmin/js/vendor/jquery-ui-1.12.1.min.c15b1008dec3.js HTTP/1.1" 404 3676
"GET /static/wagtailadmin/css/core.a28f9631bc68.css HTTP/1.1" 404 3676
Not Found: /static/wagtailadmin/js/vendor/jquery.datetimepicker.280df8b3286d.js
"GET /static/wagtailadmin/js/vendor/jquery.datetimepicker.280df8b3286d.js HTTP/1.1" 404 3676
Not Found: /static/wagtailadmin/css/layouts/login.ea7b231e7652.css
"GET /static/wagtailadmin/css/layouts/login.ea7b231e7652.css HTTP/1.1" 404 3676
Not Found: /static/wagtailadmin/js/vendor/bootstrap-tab.f9e4e160df7e.js
"GET /static/wagtailadmin/js/vendor/bootstrap-tab.f9e4e160df7e.js HTTP/1.1" 404 3676
Not Found: /static/wagtailadmin/js/vendor/jquery.autosize.a300cc7b9e37.js
Not Found: /static/wagtailadmin/js/core.7690c99ae674.js
Not Found: /static/wagtailadmin/js/vendor/bootstrap-modal.b411788be2b6.js
Not Found: /static/wagtailadmin/js/vendor/bootstrap-transition.7b8c2e460984.js
"GET /static/wagtailadmin/js/vendor/bootstrap-modal.b411788be2b6.js HTTP/1.1" 404 3676
"GET /static/wagtailadmin/js/core.7690c99ae674.js HTTP/1.1" 404 3676
"GET /static/wagtailadmin/js/vendor/jquery.autosize.a300cc7b9e37.js HTTP/1.1" 404 3676
Not Found: /static/wagtailadmin/js/vendor/tag-it.a60812d95e27.js
"GET /static/wagtailadmin/js/vendor/tag-it.a60812d95e27.js HTTP/1.1" 404 3676
"GET /static/wagtailadmin/js/vendor/bootstrap-transition.7b8c2e460984.js HTTP/1.1" 404 3676
Not Found: /static/wagtailadmin/js/wagtailadmin.8edb9675af94.js
Not Found: /static/wagtailadmin/js/vendor.a08a4452c3bc.js
Not Found: /static/wagtailadmin/js/vendor/jquery-3.2.1.min.c9f5aeeca3ad.js
"GET /static/wagtailadmin/js/wagtailadmin.8edb9675af94.js HTTP/1.1" 404 3676
"GET /static/wagtailadmin/js/vendor.a08a4452c3bc.js HTTP/1.1" 404 3676
"GET /static/wagtailadmin/js/vendor/jquery-3.2.1.min.c9f5aeeca3ad.js HTTP/1.1" 404 3676
Not Found: /static/wagtailadmin/js/vendor/jquery-ui-1.12.1.min.c15b1008dec3.js
"GET /static/wagtailadmin/js/vendor/jquery-ui-1.12.1.min.c15b1008dec3.js HTTP/1.1" 404 3676
Not Found: /static/wagtailadmin/js/vendor/jquery.datetimepicker.280df8b3286d.js
"GET /static/wagtailadmin/js/vendor/jquery.datetimepicker.280df8b3286d.js HTTP/1.1" 404 3676
Not Found: /static/wagtailadmin/js/vendor/jquery.autosize.a300cc7b9e37.js
"GET /static/wagtailadmin/js/vendor/jquery.autosize.a300cc7b9e37.js HTTP/1.1" 404 3676
Not Found: /static/wagtailadmin/js/vendor/bootstrap-transition.7b8c2e460984.js
"GET /static/wagtailadmin/js/vendor/bootstrap-transition.7b8c2e460984.js HTTP/1.1" 404 3676
Not Found: /static/wagtailadmin/js/vendor/bootstrap-modal.b411788be2b6.js
"GET /static/wagtailadmin/js/vendor/bootstrap-modal.b411788be2b6.js HTTP/1.1" 404 3676
Not Found: /static/wagtailadmin/js/vendor/bootstrap-tab.f9e4e160df7e.js
"GET /static/wagtailadmin/js/vendor/bootstrap-tab.f9e4e160df7e.js HTTP/1.1" 404 3676
Not Found: /static/wagtailadmin/js/vendor/tag-it.a60812d95e27.js
"GET /static/wagtailadmin/js/vendor/tag-it.a60812d95e27.js HTTP/1.1" 404 3676
Not Found: /static/wagtailadmin/js/core.7690c99ae674.js
"GET /static/wagtailadmin/js/core.7690c99ae674.js HTTP/1.1" 404 3676
Not Found: /static/wagtailadmin/js/vendor.a08a4452c3bc.js
"GET /static/wagtailadmin/js/vendor.a08a4452c3bc.js HTTP/1.1" 404 3676
Not Found: /static/wagtailadmin/js/wagtailadmin.8edb9675af94.js
"GET /static/wagtailadmin/js/wagtailadmin.8edb9675af94.js HTTP/1.1" 404 3676
Not Found: /static/wagtailadmin/images/favicon.28de7d61be60.ico
"GET /static/wagtailadmin/images/favicon.28de7d61be60.ico HTTP/1.1" 404 3676
Not Found: /static/wagtailadmin/js/vendor/modernizr-2.6.2.min.76e933e876d5.js
"GET /static/wagtailadmin/js/vendor/modernizr-2.6.2.min.76e933e876d5.js HTTP/1.1" 404 3676
Not Found: /static/wagtailadmin/css/normalize.aa75c284e281.css
"GET /static/wagtailadmin/css/normalize.aa75c284e281.css HTTP/1.1" 404 3676
Not Found: /static/wagtailadmin/css/vendor/jquery-ui/jquery-ui-1.10.3.verdant.767104e7b415.css
"GET /static/wagtailadmin/css/vendor/jquery-ui/jquery-ui-1.10.3.verdant.767104e7b415.css HTTP/1.1" 404 3676
Not Found: /static/wagtailadmin/css/core.a28f9631bc68.css
"GET /static/wagtailadmin/css/core.a28f9631bc68.css HTTP/1.1" 404 3676
Not Found: /static/wagtailadmin/css/vendor/jquery.tagit.1060b2909c82.css
"GET /static/wagtailadmin/css/vendor/jquery.tagit.1060b2909c82.css HTTP/1.1" 404 3676
Not Found: /static/wagtailadmin/css/layouts/home.7dcbad735c87.css
Not Found: /static/wagtailadmin/js/vendor/jquery.datetimepicker.280df8b3286d.js
"GET /static/wagtailadmin/css/layouts/home.7dcbad735c87.css HTTP/1.1" 404 3676
Not Found: /static/wagtailadmin/js/vendor/jquery-ui-1.12.1.min.c15b1008dec3.js
"GET /static/wagtailadmin/js/vendor/jquery.datetimepicker.280df8b3286d.js HTTP/1.1" 404 3676
Not Found: /static/wagtailadmin/js/vendor/jquery-3.2.1.min.c9f5aeeca3ad.js
"GET /static/wagtailadmin/js/vendor/jquery-3.2.1.min.c9f5aeeca3ad.js HTTP/1.1" 404 3676
"GET /static/wagtailadmin/js/vendor/jquery-ui-1.12.1.min.c15b1008dec3.js HTTP/1.1" 404 3676
Not Found: /static/wagtailadmin/js/vendor/jquery.autosize.a300cc7b9e37.js
Not Found: /static/wagtailadmin/js/vendor/bootstrap-transition.7b8c2e460984.js
"GET /static/wagtailadmin/js/vendor/jquery.autosize.a300cc7b9e37.js HTTP/1.1" 404 3676
"GET /static/wagtailadmin/js/vendor/bootstrap-transition.7b8c2e460984.js HTTP/1.1" 404 3676
Not Found: /static/wagtailadmin/js/vendor/bootstrap-tab.f9e4e160df7e.js
Not Found: /static/wagtailadmin/js/vendor/bootstrap-modal.b411788be2b6.js
Not Found: /static/wagtailadmin/js/vendor/tag-it.a60812d95e27.js
"GET /static/wagtailadmin/js/vendor/tag-it.a60812d95e27.js HTTP/1.1" 404 3676
"GET /static/wagtailadmin/js/vendor/bootstrap-tab.f9e4e160df7e.js HTTP/1.1" 404 3676
"GET /static/wagtailadmin/js/vendor/bootstrap-modal.b411788be2b6.js HTTP/1.1" 404 3676
Not Found: /static/wagtailadmin/js/core.7690c99ae674.js
"GET /static/wagtailadmin/js/core.7690c99ae674.js HTTP/1.1" 404 3676
Not Found: /static/wagtailadmin/js/vendor.a08a4452c3bc.js
Not Found: /static/wagtailadmin/js/wagtailadmin.8edb9675af94.js
"GET /static/wagtailadmin/js/wagtailadmin.8edb9675af94.js HTTP/1.1" 404 3676
"GET /static/wagtailadmin/js/vendor.a08a4452c3bc.js HTTP/1.1" 404 3676
Not Found: /static/wagtailadmin/images/wagtail-logo.5f037ec14dc0.svg
"GET /static/wagtailadmin/images/wagtail-logo.5f037ec14dc0.svg HTTP/1.1" 404 3676
Not Found: /static/wagtailadmin/js/vendor/jquery-ui-1.12.1.min.c15b1008dec3.js
Not Found: /static/wagtailadmin/images/logo-body.4b894b24f9ea.svg
"GET /static/wagtailadmin/images/logo-body.4b894b24f9ea.svg HTTP/1.1" 404 3676
"GET /static/wagtailadmin/js/vendor/jquery-ui-1.12.1.min.c15b1008dec3.js HTTP/1.1" 404 3676
Not Found: /static/wagtailadmin/images/logo-eyeopen.8587310a4815.svg
Not Found: /static/wagtailadmin/images/logo-eyeclosed.146584bf0748.svg
Not Found: /static/wagtailadmin/images/logo-tail.efbcebe0ba00.svg
"GET /static/wagtailadmin/images/logo-eyeclosed.146584bf0748.svg HTTP/1.1" 404 3676
"GET /static/wagtailadmin/images/logo-tail.efbcebe0ba00.svg HTTP/1.1" 404 3676
"GET /static/wagtailadmin/images/logo-eyeopen.8587310a4815.svg HTTP/1.1" 404 3676
Not Found: /static/wagtailadmin/js/upgrade_notify.89b36cc18c9d.js
"GET /static/wagtailadmin/js/upgrade_notify.89b36cc18c9d.js HTTP/1.1" 404 3676
Not Found: /static/wagtailadmin/js/vendor/jquery.datetimepicker.280df8b3286d.js
"GET /static/wagtailadmin/js/vendor/jquery.datetimepicker.280df8b3286d.js HTTP/1.1" 404 3676
Not Found: /static/wagtailadmin/images/default-user-avatar.ae04736b9d20.png
"GET /static/wagtailadmin/images/default-user-avatar.ae04736b9d20.png HTTP/1.1" 404 3676
Not Found: /static/wagtailadmin/js/vendor/jquery.autosize.a300cc7b9e37.js
"GET /static/wagtailadmin/js/vendor/jquery.autosize.a300cc7b9e37.js HTTP/1.1" 404 3676
Not Found: /static/wagtailadmin/js/vendor/bootstrap-transition.7b8c2e460984.js
"GET /static/wagtailadmin/js/vendor/bootstrap-transition.7b8c2e460984.js HTTP/1.1" 404 3676
Not Found: /static/wagtailadmin/js/vendor/bootstrap-modal.b411788be2b6.js
"GET /static/wagtailadmin/js/vendor/bootstrap-modal.b411788be2b6.js HTTP/1.1" 404 3676
Not Found: /static/wagtailadmin/js/vendor/bootstrap-tab.f9e4e160df7e.js
"GET /static/wagtailadmin/js/vendor/bootstrap-tab.f9e4e160df7e.js HTTP/1.1" 404 3676
Not Found: /static/wagtailadmin/js/vendor/tag-it.a60812d95e27.js
"GET /static/wagtailadmin/js/vendor/tag-it.a60812d95e27.js HTTP/1.1" 404 3676
Not Found: /static/wagtailadmin/js/core.7690c99ae674.js
"GET /static/wagtailadmin/js/core.7690c99ae674.js HTTP/1.1" 404 3676
Not Found: /static/wagtailadmin/js/vendor.a08a4452c3bc.js
"GET /static/wagtailadmin/js/vendor.a08a4452c3bc.js HTTP/1.1" 404 3676
Not Found: /static/wagtailadmin/js/wagtailadmin.8edb9675af94.js
"GET /static/wagtailadmin/js/wagtailadmin.8edb9675af94.js HTTP/1.1" 404 3676
Not Found: /static/wagtailadmin/images/default-user-avatar.ae04736b9d20.png
"GET /static/wagtailadmin/images/default-user-avatar.ae04736b9d20.png HTTP/1.1" 404 3676
Not Found: /static/wagtailadmin/js/upgrade_notify.89b36cc18c9d.js
"GET /static/wagtailadmin/js/upgrade_notify.89b36cc18c9d.js HTTP/1.1" 404 3676
Not Found: /impressum/
"GET /impressum/ HTTP/1.1" 404 11033
Not Found: /favicon.ico
"GET /favicon.ico HTTP/1.1" 404 12759
Not Found: /impressum/
"GET /impressum/ HTTP/1.1" 404 11033
Internal Server Error: /admin/pages/add/home/standardpage/3/preview/
Traceback (most recent call last):
  File "/home/wolf/siemreap-page/env/lib/python3.5/site-packages/django/core/handlers/exception.py", line 34, in inner
    response = get_response(request)
  File "/home/wolf/siemreap-page/env/lib/python3.5/site-packages/django/core/handlers/base.py", line 145, in _get_response
    response = self.process_exception_by_middleware(e, request)
  File "/home/wolf/siemreap-page/env/lib/python3.5/site-packages/django/core/handlers/base.py", line 143, in _get_response
    response = response.render()
  File "/home/wolf/siemreap-page/env/lib/python3.5/site-packages/django/template/response.py", line 106, in render
    self.content = self.rendered_content
  File "/home/wolf/siemreap-page/env/lib/python3.5/site-packages/django/template/response.py", line 81, in rendered_content
    template = self.resolve_template(self.template_name)
  File "/home/wolf/siemreap-page/env/lib/python3.5/site-packages/django/template/response.py", line 65, in resolve_template
    return get_template(template, using=self.using)
  File "/home/wolf/siemreap-page/env/lib/python3.5/site-packages/django/template/loader.py", line 19, in get_template
    raise TemplateDoesNotExist(template_name, chain=chain)
django.template.exceptions.TemplateDoesNotExist: home/standard_page.html
"GET /admin/pages/add/home/standardpage/3/preview/ HTTP/1.1" 500 100336
Not Found: /impressum/
"GET /impressum/ HTTP/1.1" 404 11033
Not Found: /impressum/
"POST /impressum/ HTTP/1.1" 404 11034
Internal Server Error: /impressum/
Traceback (most recent call last):
  File "/home/wolf/siemreap-page/env/lib/python3.5/site-packages/django/core/handlers/exception.py", line 34, in inner
    response = get_response(request)
  File "/home/wolf/siemreap-page/env/lib/python3.5/site-packages/django/core/handlers/base.py", line 145, in _get_response
    response = self.process_exception_by_middleware(e, request)
  File "/home/wolf/siemreap-page/env/lib/python3.5/site-packages/django/core/handlers/base.py", line 143, in _get_response
    response = response.render()
  File "/home/wolf/siemreap-page/env/lib/python3.5/site-packages/django/template/response.py", line 106, in render
    self.content = self.rendered_content
  File "/home/wolf/siemreap-page/env/lib/python3.5/site-packages/django/template/response.py", line 81, in rendered_content
    template = self.resolve_template(self.template_name)
  File "/home/wolf/siemreap-page/env/lib/python3.5/site-packages/django/template/response.py", line 65, in resolve_template
    return get_template(template, using=self.using)
  File "/home/wolf/siemreap-page/env/lib/python3.5/site-packages/django/template/loader.py", line 19, in get_template
    raise TemplateDoesNotExist(template_name, chain=chain)
django.template.exceptions.TemplateDoesNotExist: home/standard_page.html
"GET /impressum/ HTTP/1.1" 500 99717
Internal Server Error: /impressum/
Traceback (most recent call last):
  File "/home/wolf/siemreap-page/env/lib/python3.5/site-packages/django/core/handlers/exception.py", line 34, in inner
    response = get_response(request)
  File "/home/wolf/siemreap-page/env/lib/python3.5/site-packages/django/core/handlers/base.py", line 145, in _get_response
    response = self.process_exception_by_middleware(e, request)
  File "/home/wolf/siemreap-page/env/lib/python3.5/site-packages/django/core/handlers/base.py", line 143, in _get_response
    response = response.render()
  File "/home/wolf/siemreap-page/env/lib/python3.5/site-packages/django/template/response.py", line 106, in render
    self.content = self.rendered_content
  File "/home/wolf/siemreap-page/env/lib/python3.5/site-packages/django/template/response.py", line 81, in rendered_content
    template = self.resolve_template(self.template_name)
  File "/home/wolf/siemreap-page/env/lib/python3.5/site-packages/django/template/response.py", line 65, in resolve_template
    return get_template(template, using=self.using)
  File "/home/wolf/siemreap-page/env/lib/python3.5/site-packages/django/template/loader.py", line 19, in get_template
    raise TemplateDoesNotExist(template_name, chain=chain)
django.template.exceptions.TemplateDoesNotExist: home/standard_page.html
"GET /impressum/ HTTP/1.1" 500 99522
Internal Server Error: /impressum/
Traceback (most recent call last):
  File "/home/wolf/siemreap-page/env/lib/python3.5/site-packages/django/core/handlers/exception.py", line 34, in inner
    response = get_response(request)
  File "/home/wolf/siemreap-page/env/lib/python3.5/site-packages/django/core/handlers/base.py", line 145, in _get_response
    response = self.process_exception_by_middleware(e, request)
  File "/home/wolf/siemreap-page/env/lib/python3.5/site-packages/django/core/handlers/base.py", line 143, in _get_response
    response = response.render()
  File "/home/wolf/siemreap-page/env/lib/python3.5/site-packages/django/template/response.py", line 106, in render
    self.content = self.rendered_content
  File "/home/wolf/siemreap-page/env/lib/python3.5/site-packages/django/template/response.py", line 81, in rendered_content
    template = self.resolve_template(self.template_name)
  File "/home/wolf/siemreap-page/env/lib/python3.5/site-packages/django/template/response.py", line 65, in resolve_template
    return get_template(template, using=self.using)
  File "/home/wolf/siemreap-page/env/lib/python3.5/site-packages/django/template/loader.py", line 19, in get_template
    raise TemplateDoesNotExist(template_name, chain=chain)
django.template.exceptions.TemplateDoesNotExist: home/standard_page.html
"GET /impressum/ HTTP/1.1" 500 99522
Internal Server Error: /impressum/
Traceback (most recent call last):
  File "/home/wolf/siemreap-page/env/lib/python3.5/site-packages/django/core/handlers/exception.py", line 34, in inner
    response = get_response(request)
  File "/home/wolf/siemreap-page/env/lib/python3.5/site-packages/django/core/handlers/base.py", line 145, in _get_response
    response = self.process_exception_by_middleware(e, request)
  File "/home/wolf/siemreap-page/env/lib/python3.5/site-packages/django/core/handlers/base.py", line 143, in _get_response
    response = response.render()
  File "/home/wolf/siemreap-page/env/lib/python3.5/site-packages/django/template/response.py", line 106, in render
    self.content = self.rendered_content
  File "/home/wolf/siemreap-page/env/lib/python3.5/site-packages/django/template/response.py", line 81, in rendered_content
    template = self.resolve_template(self.template_name)
  File "/home/wolf/siemreap-page/env/lib/python3.5/site-packages/django/template/response.py", line 65, in resolve_template
    return get_template(template, using=self.using)
  File "/home/wolf/siemreap-page/env/lib/python3.5/site-packages/django/template/loader.py", line 19, in get_template
    raise TemplateDoesNotExist(template_name, chain=chain)
django.template.exceptions.TemplateDoesNotExist: home/standard_page.html
"GET /impressum/ HTTP/1.1" 500 99742
Internal Server Error: /impressum/
Traceback (most recent call last):
  File "/home/wolf/siemreap-page/env/lib/python3.5/site-packages/django/template/backends/django.py", line 61, in render
    return self.template.render(context)
  File "/home/wolf/siemreap-page/env/lib/python3.5/site-packages/django/template/base.py", line 171, in render
    return self._render(context)
  File "/home/wolf/siemreap-page/env/lib/python3.5/site-packages/django/test/utils.py", line 96, in instrumented_test_render
    return self.nodelist.render(context)
  File "/home/wolf/siemreap-page/env/lib/python3.5/site-packages/django/template/base.py", line 937, in render
    bit = node.render_annotated(context)
  File "/home/wolf/siemreap-page/env/lib/python3.5/site-packages/django/template/base.py", line 904, in render_annotated
    return self.render(context)
  File "/home/wolf/siemreap-page/env/lib/python3.5/site-packages/django/template/loader_tags.py", line 150, in render
    return compiled_parent._render(context)
  File "/home/wolf/siemreap-page/env/lib/python3.5/site-packages/django/test/utils.py", line 96, in instrumented_test_render
    return self.nodelist.render(context)
  File "/home/wolf/siemreap-page/env/lib/python3.5/site-packages/django/template/base.py", line 937, in render
    bit = node.render_annotated(context)
  File "/home/wolf/siemreap-page/env/lib/python3.5/site-packages/django/template/base.py", line 904, in render_annotated
    return self.render(context)
  File "/home/wolf/siemreap-page/env/lib/python3.5/site-packages/django/template/loader_tags.py", line 62, in render
    result = block.nodelist.render(context)
  File "/home/wolf/siemreap-page/env/lib/python3.5/site-packages/django/template/base.py", line 937, in render
    bit = node.render_annotated(context)
  File "/home/wolf/siemreap-page/env/lib/python3.5/site-packages/django/template/base.py", line 904, in render_annotated
    return self.render(context)
  File "/home/wolf/siemreap-page/env/lib/python3.5/site-packages/django/template/loader_tags.py", line 176, in render
    template = context.template.engine.get_template(template_name)
  File "/home/wolf/siemreap-page/env/lib/python3.5/site-packages/django/template/engine.py", line 143, in get_template
    template, origin = self.find_template(template_name)
  File "/home/wolf/siemreap-page/env/lib/python3.5/site-packages/django/template/engine.py", line 129, in find_template
    raise TemplateDoesNotExist(name, tried=tried)
django.template.exceptions.TemplateDoesNotExist: base/include/header.html

The above exception was the direct cause of the following exception:

Traceback (most recent call last):
  File "/home/wolf/siemreap-page/env/lib/python3.5/site-packages/django/core/handlers/exception.py", line 34, in inner
    response = get_response(request)
  File "/home/wolf/siemreap-page/env/lib/python3.5/site-packages/django/core/handlers/base.py", line 145, in _get_response
    response = self.process_exception_by_middleware(e, request)
  File "/home/wolf/siemreap-page/env/lib/python3.5/site-packages/django/core/handlers/base.py", line 143, in _get_response
    response = response.render()
  File "/home/wolf/siemreap-page/env/lib/python3.5/site-packages/django/template/response.py", line 106, in render
    self.content = self.rendered_content
  File "/home/wolf/siemreap-page/env/lib/python3.5/site-packages/django/template/response.py", line 83, in rendered_content
    content = template.render(context, self._request)
  File "/home/wolf/siemreap-page/env/lib/python3.5/site-packages/django/template/backends/django.py", line 63, in render
    reraise(exc, self.backend)
  File "/home/wolf/siemreap-page/env/lib/python3.5/site-packages/django/template/backends/django.py", line 84, in reraise
    raise new from exc
django.template.exceptions.TemplateDoesNotExist: base/include/header.html
"GET /impressum/ HTTP/1.1" 500 177371
Internal Server Error: /impressum/
Traceback (most recent call last):
  File "/home/wolf/siemreap-page/env/lib/python3.5/site-packages/django/core/handlers/exception.py", line 34, in inner
    response = get_response(request)
  File "/home/wolf/siemreap-page/env/lib/python3.5/site-packages/django/core/handlers/base.py", line 145, in _get_response
    response = self.process_exception_by_middleware(e, request)
  File "/home/wolf/siemreap-page/env/lib/python3.5/site-packages/django/core/handlers/base.py", line 143, in _get_response
    response = response.render()
  File "/home/wolf/siemreap-page/env/lib/python3.5/site-packages/django/template/response.py", line 106, in render
    self.content = self.rendered_content
  File "/home/wolf/siemreap-page/env/lib/python3.5/site-packages/django/template/response.py", line 81, in rendered_content
    template = self.resolve_template(self.template_name)
  File "/home/wolf/siemreap-page/env/lib/python3.5/site-packages/django/template/response.py", line 65, in resolve_template
    return get_template(template, using=self.using)
  File "/home/wolf/siemreap-page/env/lib/python3.5/site-packages/django/template/loader.py", line 19, in get_template
    raise TemplateDoesNotExist(template_name, chain=chain)
django.template.exceptions.TemplateDoesNotExist: home/standard_page.html
"GET /impressum/ HTTP/1.1" 500 99508
Internal Server Error: /impressum/
Traceback (most recent call last):
  File "/home/wolf/siemreap-page/env/lib/python3.5/site-packages/django/template/backends/django.py", line 61, in render
    return self.template.render(context)
  File "/home/wolf/siemreap-page/env/lib/python3.5/site-packages/django/template/base.py", line 171, in render
    return self._render(context)
  File "/home/wolf/siemreap-page/env/lib/python3.5/site-packages/django/test/utils.py", line 96, in instrumented_test_render
    return self.nodelist.render(context)
  File "/home/wolf/siemreap-page/env/lib/python3.5/site-packages/django/template/base.py", line 937, in render
    bit = node.render_annotated(context)
  File "/home/wolf/siemreap-page/env/lib/python3.5/site-packages/django/template/base.py", line 904, in render_annotated
    return self.render(context)
  File "/home/wolf/siemreap-page/env/lib/python3.5/site-packages/django/template/loader_tags.py", line 150, in render
    return compiled_parent._render(context)
  File "/home/wolf/siemreap-page/env/lib/python3.5/site-packages/django/test/utils.py", line 96, in instrumented_test_render
    return self.nodelist.render(context)
  File "/home/wolf/siemreap-page/env/lib/python3.5/site-packages/django/template/base.py", line 937, in render
    bit = node.render_annotated(context)
  File "/home/wolf/siemreap-page/env/lib/python3.5/site-packages/django/template/base.py", line 904, in render_annotated
    return self.render(context)
  File "/home/wolf/siemreap-page/env/lib/python3.5/site-packages/django/template/loader_tags.py", line 62, in render
    result = block.nodelist.render(context)
  File "/home/wolf/siemreap-page/env/lib/python3.5/site-packages/django/template/base.py", line 937, in render
    bit = node.render_annotated(context)
  File "/home/wolf/siemreap-page/env/lib/python3.5/site-packages/django/template/base.py", line 904, in render_annotated
    return self.render(context)
  File "/home/wolf/siemreap-page/env/lib/python3.5/site-packages/django/template/base.py", line 993, in render
    return render_value_in_context(output, context)
  File "/home/wolf/siemreap-page/env/lib/python3.5/site-packages/django/template/base.py", line 972, in render_value_in_context
    value = str(value)
  File "/home/wolf/siemreap-page/env/lib/python3.5/site-packages/wagtail/core/blocks/stream_block.py", line 470, in __str__
    return self.__html__()
  File "/home/wolf/siemreap-page/env/lib/python3.5/site-packages/wagtail/core/blocks/stream_block.py", line 467, in __html__
    return self.stream_block.render(self)
  File "/home/wolf/siemreap-page/env/lib/python3.5/site-packages/wagtail/core/blocks/base.py", line 239, in render
    return self.render_basic(value, context=context)
  File "/home/wolf/siemreap-page/env/lib/python3.5/site-packages/wagtail/core/blocks/stream_block.py", line 276, in render_basic
    for child in value
  File "/home/wolf/siemreap-page/env/lib/python3.5/site-packages/wagtail/core/blocks/stream_block.py", line 276, in <listcomp>
    for child in value
  File "/home/wolf/siemreap-page/env/lib/python3.5/site-packages/wagtail/core/blocks/base.py", line 420, in render
    return self.block.render(self.value, context=context)
  File "/home/wolf/siemreap-page/env/lib/python3.5/site-packages/wagtail/core/blocks/base.py", line 246, in render
    return mark_safe(render_to_string(template, new_context))
  File "/home/wolf/siemreap-page/env/lib/python3.5/site-packages/django/template/loader.py", line 61, in render_to_string
    template = get_template(template_name, using=using)
  File "/home/wolf/siemreap-page/env/lib/python3.5/site-packages/django/template/loader.py", line 19, in get_template
    raise TemplateDoesNotExist(template_name, chain=chain)
django.template.exceptions.TemplateDoesNotExist: blocks/paragraph_block.html

The above exception was the direct cause of the following exception:

Traceback (most recent call last):
  File "/home/wolf/siemreap-page/env/lib/python3.5/site-packages/django/core/handlers/exception.py", line 34, in inner
    response = get_response(request)
  File "/home/wolf/siemreap-page/env/lib/python3.5/site-packages/django/core/handlers/base.py", line 145, in _get_response
    response = self.process_exception_by_middleware(e, request)
  File "/home/wolf/siemreap-page/env/lib/python3.5/site-packages/django/core/handlers/base.py", line 143, in _get_response
    response = response.render()
  File "/home/wolf/siemreap-page/env/lib/python3.5/site-packages/django/template/response.py", line 106, in render
    self.content = self.rendered_content
  File "/home/wolf/siemreap-page/env/lib/python3.5/site-packages/django/template/response.py", line 83, in rendered_content
    content = template.render(context, self._request)
  File "/home/wolf/siemreap-page/env/lib/python3.5/site-packages/django/template/backends/django.py", line 63, in render
    reraise(exc, self.backend)
  File "/home/wolf/siemreap-page/env/lib/python3.5/site-packages/django/template/backends/django.py", line 84, in reraise
    raise new from exc
django.template.exceptions.TemplateDoesNotExist: blocks/paragraph_block.html
"GET /impressum/ HTTP/1.1" 500 206258
